2022-12-18 13:51:42.126  INFO 109254 --- [main] b.t.TrackingTravelApplication            : Starting TrackingTravelApplication using Java 17.0.5 on Z690 with PID 109254 (/home/yuriy/Projects/Tracking_travel/target/classes started by yuriy in /home/yuriy/Projects/Tracking_travel)
2022-12-18 13:51:42.127  INFO 109254 --- [main] b.t.TrackingTravelApplication            : No active profile set, falling back to 1 default profile: "default"
2022-12-18 13:51:42.387  INFO 109254 --- [main] .s.d.r.c.RepositoryConfigurationDelegate : Bootstrapping Spring Data JPA repositories in DEFAULT mode.
2022-12-18 13:51:42.408  INFO 109254 --- [main] .s.d.r.c.RepositoryConfigurationDelegate : Finished Spring Data repository scanning in 17 ms. Found 6 JPA repository interfaces.
2022-12-18 13:51:42.591  INFO 109254 --- [main] o.s.b.w.embedded.tomcat.TomcatWebServer  : Tomcat initialized with port(s): 8080 (http)
2022-12-18 13:51:42.595  INFO 109254 --- [main] o.apache.catalina.core.StandardService   : Starting service [Tomcat]
2022-12-18 13:51:42.595  INFO 109254 --- [main] org.apache.catalina.core.StandardEngine  : Starting Servlet engine: [Apache Tomcat/9.0.68]
2022-12-18 13:51:42.636  INFO 109254 --- [main] o.a.c.c.C.[Tomcat].[localhost].[/]       : Initializing Spring embedded WebApplicationContext
2022-12-18 13:51:42.636  INFO 109254 --- [main] w.s.c.ServletWebServerApplicationContext : Root WebApplicationContext: initialization completed in 491 ms
2022-12-18 13:51:42.667  INFO 109254 --- [main] com.zaxxer.hikari.HikariDataSource       : HikariPool-1 - Starting...
2022-12-18 13:51:42.792  INFO 109254 --- [main] com.zaxxer.hikari.HikariDataSource       : HikariPool-1 - Start completed.
2022-12-18 13:51:42.821  INFO 109254 --- [main] o.hibernate.jpa.internal.util.LogHelper  : HHH000204: Processing PersistenceUnitInfo [name: default]
2022-12-18 13:51:42.843  INFO 109254 --- [main] org.hibernate.Version                    : HHH000412: Hibernate ORM core version 5.6.12.Final
2022-12-18 13:51:42.908  INFO 109254 --- [main] o.hibernate.annotations.common.Version   : HCANN000001: Hibernate Commons Annotations {5.1.2.Final}
2022-12-18 13:51:42.952  INFO 109254 --- [main] org.hibernate.dialect.Dialect            : HHH000400: Using dialect: org.hibernate.dialect.PostgreSQL10Dialect
2022-12-18 13:51:43.271  INFO 109254 --- [main] o.h.e.t.j.p.i.JtaPlatformInitiator       : HHH000490: Using JtaPlatform implementation: [org.hibernate.engine.transaction.jta.platform.internal.NoJtaPlatform]
2022-12-18 13:51:43.278  INFO 109254 --- [main] j.LocalContainerEntityManagerFactoryBean : Initialized JPA EntityManagerFactory for persistence unit 'default'
2022-12-18 13:51:43.426  WARN 109254 --- [main] JpaBaseConfiguration$JpaWebConfiguration : spring.jpa.open-in-view is enabled by default. Therefore, database queries may be performed during view rendering. Explicitly configure spring.jpa.open-in-view to disable this warning
2022-12-18 13:51:43.684  INFO 109254 --- [main] o.s.b.w.embedded.tomcat.TomcatWebServer  : Tomcat started on port(s): 8080 (http) with context path ''
2022-12-18 13:51:43.688  INFO 109254 --- [main] b.t.TrackingTravelApplication            : Started TrackingTravelApplication in 1.752 seconds (JVM running for 1.977)
2022-12-18 13:51:43.689  INFO 109254 --- [main] b.t.TrackingTravelApplication            : Начало работы приложения Sun Dec 18 13:51:43 MSK 2022
2022-12-18 13:51:51.002  INFO 109254 --- [SpringApplicationShutdownHook] j.LocalContainerEntityManagerFactoryBean : Closing JPA EntityManagerFactory for persistence unit 'default'
2022-12-18 13:51:51.003  INFO 109254 --- [SpringApplicationShutdownHook] com.zaxxer.hikari.HikariDataSource       : HikariPool-1 - Shutdown initiated...
2022-12-18 13:51:51.009  INFO 109254 --- [SpringApplicationShutdownHook] com.zaxxer.hikari.HikariDataSource       : HikariPool-1 - Shutdown completed.
